<?xml version="1.0" encoding="utf-8"?><testsuites name="pytest tests"><testsuite name="pytest" errors="0" failures="0" skipped="0" tests="117" time="15.082" timestamp="2025-08-31T21:58:49.716661-04:00" hostname="michael-desktop"><testcase classname="tests.integration.test_skill_lifecycle.TestSkillLifecycle" name="test_skill_creation_registration_execution" time="0.004" /><testcase classname="tests.integration.test_skill_lifecycle.TestSkillLifecycle" name="test_skill_persistence_across_registry_instances" time="0.004" /><testcase classname="tests.integration.test_skill_lifecycle.TestSkillLifecycle" name="test_skill_modification_workflow" time="0.003" /><testcase classname="tests.integration.test_skill_lifecycle.TestSkillLifecycle" name="test_skill_error_handling" time="0.003" /><testcase classname="tests.integration.test_skill_lifecycle.TestSkillEditorIntegration" name="test_end_to_end_skill_creation_via_api" time="0.013" /><testcase classname="tests.integration.test_skill_lifecycle.TestSkillEditorIntegration" name="test_skill_validation_integration" time="0.010" /><testcase classname="tests.test_ai_query" name="test_enhanced_ollamapy" time="12.515" /><testcase classname="tests.test_integration_comprehensive.TestCLIIntegration" name="test_hello_command_execution" time="0.246" /><testcase classname="tests.test_integration_comprehensive.TestCLIIntegration" name="test_help_command" time="0.243" /><testcase classname="tests.test_integration_comprehensive.TestCLIIntegration" name="test_version_information" time="0.236" /><testcase classname="tests.test_integration_comprehensive.TestCLIIntegration" name="test_vibetest_command_integration" time="0.001" /><testcase classname="tests.test_integration_comprehensive.TestModuleIntegration" name="test_client_generate_integration" time="0.004" /><testcase classname="tests.test_integration_comprehensive.TestModuleIntegration" name="test_client_availability_integration" time="0.002" /><testcase classname="tests.test_integration_comprehensive.TestModuleIntegration" name="test_import_chain_integration" time="0.000" /><testcase classname="tests.test_integration_comprehensive.TestModuleIntegration" name="test_optional_import_handling" time="0.000" /><testcase classname="tests.test_integration_comprehensive.TestFileSystemIntegration" name="test_temporary_file_handling" time="0.001" /><testcase classname="tests.test_integration_comprehensive.TestFileSystemIntegration" name="test_working_directory_independence" time="0.000" /><testcase classname="tests.test_integration_comprehensive.TestFileSystemIntegration" name="test_config_file_handling" time="0.000" /><testcase classname="tests.test_integration_comprehensive.TestErrorHandlingIntegration" name="test_network_error_propagation" time="0.002" /><testcase classname="tests.test_integration_comprehensive.TestErrorHandlingIntegration" name="test_timeout_error_handling" time="0.001" /><testcase classname="tests.test_integration_comprehensive.TestErrorHandlingIntegration" name="test_invalid_input_handling" time="0.000" /><testcase classname="tests.test_integration_comprehensive.TestDataFlowIntegration" name="test_chat_session_data_flow" time="0.000" /><testcase classname="tests.test_integration_comprehensive.TestDataFlowIntegration" name="test_parameter_validation_flow" time="0.000" /><testcase classname="tests.test_integration_comprehensive.TestResourceManagement" name="test_memory_usage_basic" time="0.020" /><testcase classname="tests.test_integration_comprehensive.TestResourceManagement" name="test_function_call_performance" time="0.001" /><testcase classname="tests.test_integration_comprehensive.TestConcurrencyBasics" name="test_thread_safety_basic" time="0.001" /><testcase classname="tests.test_integration_comprehensive.TestEnvironmentIntegration" name="test_python_version_compatibility" time="0.000" /><testcase classname="tests.test_integration_comprehensive.TestEnvironmentIntegration" name="test_import_without_optional_dependencies" time="0.000" /><testcase classname="tests.test_integration_comprehensive.TestEnvironmentIntegration" name="test_path_handling" time="0.007" /><testcase classname="tests.test_integration_comprehensive.TestRegressionPrevention" name="test_import_path_consistency" time="0.000" /><testcase classname="tests.test_integration_comprehensive.TestRegressionPrevention" name="test_function_signature_stability" time="0.000" /><testcase classname="tests.test_integration_comprehensive.TestRegressionPrevention" name="test_return_type_consistency" time="0.000" /><testcase classname="tests.test_main" name="test_hello" time="0.000" /><testcase classname="tests.test_main" name="test_greet" time="0.000" /><testcase classname="tests.test_main" name="test_vibe_test_import" time="0.000" /><testcase classname="tests.test_main_comprehensive.TestBasicFunctions" name="test_hello" time="0.000" /><testcase classname="tests.test_main_comprehensive.TestBasicFunctions" name="test_greet" time="0.000" /><testcase classname="tests.test_main_comprehensive.TestArgumentParsing" name="test_hello_argument" time="0.002" /><testcase classname="tests.test_main_comprehensive.TestArgumentParsing" name="test_vibetest_argument" time="0.001" /><testcase classname="tests.test_main_comprehensive.TestArgumentParsing" name="test_skillgen_argument" time="0.001" /><testcase classname="tests.test_main_comprehensive.TestArgumentParsing" name="test_skill_editor_argument" time="0.001" /><testcase classname="tests.test_main_comprehensive.TestChatFunction" name="test_chat_with_defaults" time="0.002" /><testcase classname="tests.test_main_comprehensive.TestChatFunction" name="test_chat_with_custom_params" time="0.002" /><testcase classname="tests.test_main_comprehensive.TestVibeTestFunction" name="test_run_vibe_tests_success" time="0.001" /><testcase classname="tests.test_main_comprehensive.TestVibeTestFunction" name="test_run_vibe_tests_with_analysis_model" time="0.001" /><testcase classname="tests.test_main_comprehensive.TestSkillGenFunction" name="test_run_skill_gen_defaults" time="0.001" /><testcase classname="tests.test_main_comprehensive.TestSkillGenFunction" name="test_run_skill_gen_custom_params" time="0.001" /><testcase classname="tests.test_main_comprehensive.TestSkillEditorFunction" name="test_run_skill_editor_dependency_check" time="0.000" /><testcase classname="tests.test_main_comprehensive.TestSkillEditorFunction" name="test_run_skill_editor_import_error" time="0.001" /><testcase classname="tests.test_main_comprehensive.TestErrorHandling" name="test_vibetest_error_handling" time="0.001" /><testcase classname="tests.test_main_comprehensive.TestErrorHandling" name="test_keyboard_interrupt_handling" time="0.001" /><testcase classname="tests.test_main_comprehensive.TestInputValidation" name="test_greet_with_none" time="0.000" /><testcase classname="tests.test_main_comprehensive.TestInputValidation" name="test_greet_with_numeric_input" time="0.000" /><testcase classname="tests.test_main_comprehensive.TestInputValidation" name="test_negative_iterations" time="0.001" /><testcase classname="tests.test_package_validation.TestPackageStructure" name="test_package_root_exists" time="0.000" /><testcase classname="tests.test_package_validation.TestPackageStructure" name="test_init_file_exists" time="0.000" /><testcase classname="tests.test_package_validation.TestPackageStructure" name="test_core_modules_exist" time="0.001" /><testcase classname="tests.test_package_validation.TestPackageStructure" name="test_skill_editor_subpackage" time="0.000" /><testcase classname="tests.test_package_validation.TestImports" name="test_main_module_import" time="0.000" /><testcase classname="tests.test_package_validation.TestImports" name="test_ollama_client_import" time="0.000" /><testcase classname="tests.test_package_validation.TestImports" name="test_core_modules_import" time="0.000" /><testcase classname="tests.test_package_validation.TestImports" name="test_optional_modules_graceful_failure" time="0.000" /><testcase classname="tests.test_package_validation.TestProjectConfiguration" name="test_pyproject_toml_exists" time="0.002" /><testcase classname="tests.test_package_validation.TestProjectConfiguration" name="test_entry_points_configuration" time="0.001" /><testcase classname="tests.test_package_validation.TestProjectConfiguration" name="test_dependencies_specification" time="0.001" /><testcase classname="tests.test_package_validation.TestProjectConfiguration" name="test_optional_dependencies" time="0.001" /><testcase classname="tests.test_package_validation.TestCodeQuality" name="test_no_syntax_errors" time="0.019" /><testcase classname="tests.test_package_validation.TestCodeQuality" name="test_docstrings_present" time="0.000" /><testcase classname="tests.test_package_validation.TestCodeQuality" name="test_class_docstrings" time="0.000" /><testcase classname="tests.test_package_validation.TestTestSuite" name="test_test_files_exist" time="0.000" /><testcase classname="tests.test_package_validation.TestTestSuite" name="test_conftest_exists" time="0.000" /><testcase classname="tests.test_package_validation.TestTestSuite" name="test_pytest_ini_configuration" time="0.000" /><testcase classname="tests.test_package_validation.TestDocumentation" name="test_readme_exists" time="0.000" /><testcase classname="tests.test_package_validation.TestDocumentation" name="test_license_exists" time="0.000" /><testcase classname="tests.test_package_validation.TestDocumentation" name="test_docs_directory_structure" time="0.000" /><testcase classname="tests.test_package_validation.TestVersioning" name="test_version_consistency" time="0.002" /><testcase classname="tests.test_package_validation.TestSecurityBasics" name="test_no_hardcoded_secrets" time="0.009" /><testcase classname="tests.test_package_validation.TestSecurityBasics" name="test_safe_imports" time="0.067" /><testcase classname="tests.test_package_validation.TestPerformance" name="test_no_infinite_loops" time="0.001" /><testcase classname="tests.test_performance.TestPerformanceBenchmarks" name="test_function_call_performance" time="0.009" /><testcase classname="tests.test_performance.TestPerformanceBenchmarks" name="test_memory_efficiency" time="0.101" /><testcase classname="tests.test_performance.TestPerformanceBenchmarks" name="test_string_handling_performance" time="0.003" /><testcase classname="tests.test_performance.TestConcurrencyPerformance" name="test_thread_safety_performance" time="0.006" /><testcase classname="tests.test_performance.TestConcurrencyPerformance" name="test_load_handling" time="0.037" /><testcase classname="tests.test_performance.TestResourceUsage" name="test_cpu_utilization" time="0.151" /><testcase classname="tests.test_performance.TestResourceUsage" name="test_garbage_collection_impact" time="0.028" /><testcase classname="tests.unit.test_skill_editor.TestSkillValidator" name="test_validator_initialization" time="0.000" /><testcase classname="tests.unit.test_skill_editor.TestSkillValidator" name="test_valid_skill_validation" time="0.000" /><testcase classname="tests.unit.test_skill_editor.TestSkillValidator" name="test_invalid_skill_name" time="0.000" /><testcase classname="tests.unit.test_skill_editor.TestSkillValidator" name="test_missing_required_fields" time="0.000" /><testcase classname="tests.unit.test_skill_editor.TestSkillValidator" name="test_invalid_python_syntax" time="0.000" /><testcase classname="tests.unit.test_skill_editor.TestSkillValidator" name="test_missing_execute_function" time="0.000" /><testcase classname="tests.unit.test_skill_editor.TestSkillValidator" name="test_invalid_parameter_types" time="0.000" /><testcase classname="tests.unit.test_skill_editor.TestSkillEditorAPI" name="test_api_initialization" time="0.009" /><testcase classname="tests.unit.test_skill_editor.TestSkillEditorAPI" name="test_get_all_skills_endpoint" time="0.009" /><testcase classname="tests.unit.test_skill_editor.TestSkillEditorAPI" name="test_get_specific_skill_endpoint" time="0.010" /><testcase classname="tests.unit.test_skill_editor.TestSkillEditorAPI" name="test_get_nonexistent_skill" time="0.009" /><testcase classname="tests.unit.test_skill_editor.TestSkillEditorAPI" name="test_create_new_skill_endpoint" time="0.009" /><testcase classname="tests.unit.test_skill_editor.TestSkillEditorAPI" name="test_create_duplicate_skill" time="0.009" /><testcase classname="tests.unit.test_skill_editor.TestSkillEditorAPI" name="test_update_custom_skill_endpoint" time="0.010" /><testcase classname="tests.unit.test_skill_editor.TestSkillEditorAPI" name="test_cannot_update_builtin_skill" time="0.009" /><testcase classname="tests.unit.test_skill_editor.TestSkillEditorAPI" name="test_delete_custom_skill_endpoint" time="0.010" /><testcase classname="tests.unit.test_skill_editor.TestSkillEditorAPI" name="test_cannot_delete_builtin_skill" time="0.009" /><testcase classname="tests.unit.test_skill_editor.TestSkillEditorAPI" name="test_validate_skill_endpoint" time="0.009" /><testcase classname="tests.unit.test_skill_editor.TestSkillEditorAPI" name="test_test_skill_endpoint" time="0.009" /><testcase classname="tests.unit.test_skill_editor.TestSkillEditorAPI" name="test_main_interface_endpoints" time="0.009" /><testcase classname="tests.unit.test_skills.TestSkill" name="test_skill_creation" time="0.000" /><testcase classname="tests.unit.test_skills.TestSkill" name="test_skill_to_dict" time="0.000" /><testcase classname="tests.unit.test_skills.TestSkill" name="test_skill_from_dict" time="0.000" /><testcase classname="tests.unit.test_skills.TestSkillRegistry" name="test_registry_initialization" time="0.003" /><testcase classname="tests.unit.test_skills.TestSkillRegistry" name="test_register_custom_skill" time="0.003" /><testcase classname="tests.unit.test_skills.TestSkillRegistry" name="test_execute_skill" time="0.003" /><testcase classname="tests.unit.test_skills.TestSkillRegistry" name="test_skill_compilation_error" time="0.003" /><testcase classname="tests.unit.test_skills.TestSkillRegistry" name="test_get_skills_by_role" time="0.003" /><testcase classname="tests.unit.test_skills.TestSkillRegistry" name="test_get_verified_skills" time="0.003" /><testcase classname="tests.unit.test_skills.TestSkillRegistry" name="test_skill_persistence" time="0.004" /><testcase classname="tests.unit.test_skills.TestSkillRegistry" name="test_skill_loading_error_handling" time="0.003" /></testsuite></testsuites>